<?xml version="1.0" encoding="UTF-8"?>
<testng-results skipped="0" failed="0" ignored="0" total="1" passed="1">
  <reporter-output>
  </reporter-output>
  <suite name="Default suite" duration-ms="35301" started-at="2019-10-22T07:09:49Z" finished-at="2019-10-22T07:10:25Z">
    <groups>
    </groups>
    <test name="Default test" duration-ms="35301" started-at="2019-10-22T07:09:49Z" finished-at="2019-10-22T07:10:25Z">
      <class name="script.BS14Script">
        <test-method status="PASS" signature="OpenBrowser()[pri:0, instance:script.BS14Script@60c6f5b]" name="OpenBrowser" is-config="true" duration-ms="13528" started-at="2019-10-22T07:09:49Z" finished-at="2019-10-22T07:10:03Z">
          <reporter-output>
          </reporter-output>
        </test-method> <!-- OpenBrowser -->
        <test-method status="PASS" signature="oneGramGold()[pri:0, instance:script.BS14Script@60c6f5b]" name="oneGramGold" duration-ms="2414" started-at="2019-10-22T07:10:03Z" finished-at="2019-10-22T07:10:05Z">
          <reporter-output>
          </reporter-output>
        </test-method> <!-- oneGramGold -->
        <test-method status="PASS" signature="afterMethod()[pri:0, instance:script.BS14Script@60c6f5b]" name="afterMethod" is-config="true" duration-ms="19327" started-at="2019-10-22T07:10:05Z" finished-at="2019-10-22T07:10:25Z">
          <reporter-output>
          </reporter-output>
        </test-method> <!-- afterMethod -->
      </class> <!-- script.BS14Script -->
    </test> <!-- Default test -->
  </suite> <!-- Default suite -->
</testng-results>
